Base path: /Applications/Unity/Unity.app/Contents
Pipe name: \\.\pipe\UnityShaderCompiler-1--1599192664
Cmd: getPlatforms
Cmd: preprocess
  insize=1801 outsize=900 ok=1
Cmd: compileSnippet
  api=0 type=0 insize=1203 outsize=441 kw= ok=1
Cmd: compileSnippet
  api=0 type=1 insize=1203 outsize=344 kw= ok=1
Cmd: preprocess
  insize=219 outsize=219 ok=1
Cmd: preprocess
  insize=1523 outsize=503 ok=1
Cmd: compileSnippet
  api=0 type=0 insize=1322 outsize=441 kw= ok=1
Cmd: compileSnippet
  api=0 type=1 insize=1322 outsize=585 kw= ok=1
Cmd: preprocess
  insize=479 outsize=479 ok=1
Cmd: preprocess
  insize=1834 outsize=876 ok=1
Cmd: compileSnippet
  api=0 type=0 insize=1260 outsize=441 kw= ok=1
Cmd: compileSnippet
  api=0 type=1 insize=1260 outsize=307 kw= ok=1
Cmd: preprocess
  insize=1462 outsize=503 ok=1
Cmd: compileSnippet
  api=0 type=0 insize=1260 outsize=441 kw= ok=1
Cmd: compileSnippet
  api=0 type=1 insize=1260 outsize=549 kw= ok=1
Cmd: preprocess
  insize=532 outsize=532 ok=1
Cmd: preprocess
  insize=1875 outsize=895 ok=1
Cmd: compileSnippet
  api=0 type=0 insize=1282 outsize=441 kw= ok=1
Cmd: compileSnippet
  api=0 type=1 insize=1282 outsize=316 kw= ok=1
Cmd: preprocess
  insize=3042 outsize=1804 ok=1
Cmd: compileSnippet
  api=0 type=0 insize=5476 outsize=1436 kw=DIRECTIONAL SHADOWS_OFF LIGHTMAP_OFF DIRLIGHTMAP_OFF ok=1
Cmd: compileSnippet
  api=0 type=1 insize=5476 outsize=1031 kw=DIRECTIONAL SHADOWS_OFF LIGHTMAP_OFF DIRLIGHTMAP_OFF ok=1
Cmd: compileSnippet
  api=0 type=0 insize=3382 outsize=1314 kw=POINT ok=1
Cmd: compileSnippet
  api=0 type=1 insize=3382 outsize=1212 kw=POINT ok=1
Cmd: compileSnippet
  api=0 type=0 insize=5353 outsize=1058 kw=DIRECTIONAL SHADOWS_OFF LIGHTMAP_OFF DIRLIGHTMAP_OFF ok=1
Cmd: compileSnippet
  api=0 type=1 insize=5353 outsize=828 kw=DIRECTIONAL SHADOWS_OFF LIGHTMAP_OFF DIRLIGHTMAP_OFF ok=1
Cmd: compileSnippet
  api=0 type=0 insize=3359 outsize=857 kw=POINT ok=1
Cmd: compileSnippet
  api=0 type=1 insize=3359 outsize=1049 kw=POINT ok=1
Cmd: preprocess
  insize=1871 outsize=896 ok=1
Cmd: compileSnippet
  api=0 type=0 insize=1277 outsize=441 kw= ok=1
Cmd: compileSnippet
  api=0 type=1 insize=1277 outsize=279 kw= ok=1
Cmd: preprocess
  insize=435 outsize=435 ok=1
Cmd: preprocess
  insize=522 outsize=522 ok=1
Cmd: preprocess
  insize=6178 outsize=3522 ok=1
Cmd: compileSnippet
  api=0 type=0 insize=7070 outsize=1634 kw=DIRECTIONAL LIGHTMAP_OFF DIRLIGHTMAP_OFF ok=1
Cmd: compileSnippet
  api=0 type=1 insize=7070 outsize=1422 kw=DIRECTIONAL LIGHTMAP_OFF DIRLIGHTMAP_OFF ok=1
Cmd: compileSnippet
  api=0 type=0 insize=4865 outsize=1512 kw=POINT ok=1
Cmd: compileSnippet
  api=0 type=1 insize=4865 outsize=1616 kw=POINT ok=1
Cmd: compileSnippet
  api=0 type=0 insize=6011 outsize=1468 kw=DIRECTIONAL LIGHTMAP_OFF DIRLIGHTMAP_OFF ok=1
Cmd: compileSnippet
  api=0 type=1 insize=6011 outsize=1229 kw=DIRECTIONAL LIGHTMAP_OFF DIRLIGHTMAP_OFF ok=1
Cmd: compileSnippet
  api=0 type=0 insize=3873 outsize=1346 kw=POINT ok=1
Cmd: compileSnippet
  api=0 type=1 insize=3873 outsize=1414 kw=POINT ok=1
Cmd: compileSnippet
  api=0 type=0 insize=5302 outsize=1090 kw=DIRECTIONAL LIGHTMAP_OFF DIRLIGHTMAP_OFF ok=1
Cmd: compileSnippet
  api=0 type=1 insize=5302 outsize=586 kw=DIRECTIONAL LIGHTMAP_OFF DIRLIGHTMAP_OFF ok=1
Cmd: compileSnippet
  api=0 type=0 insize=2882 outsize=889 kw=POINT ok=1
Cmd: compileSnippet
  api=0 type=1 insize=2882 outsize=763 kw=POINT ok=1
Cmd: preprocess
  insize=1524 outsize=883 ok=1
Cmd: compileSnippet
  api=0 type=0 insize=942 outsize=360 kw= ok=1
Cmd: compileSnippet
  api=0 type=1 insize=942 outsize=143 kw= ok=1
Cmd: preprocess
  insize=2361 outsize=2258 ok=1
Cmd: compileSnippet
  api=0 type=0 insize=5581 outsize=1436 kw=DIRECTIONAL SHADOWS_OFF LIGHTMAP_OFF DIRLIGHTMAP_OFF ok=1
Cmd: compileSnippet
  api=0 type=1 insize=5581 outsize=1159 kw=DIRECTIONAL SHADOWS_OFF LIGHTMAP_OFF DIRLIGHTMAP_OFF ok=1
Cmd: compileSnippet
  api=0 type=0 insize=3487 outsize=1314 kw=POINT ok=1
Cmd: compileSnippet
  api=0 type=1 insize=3487 outsize=1328 kw=POINT ok=1
Cmd: compileSnippet
  api=0 type=0 insize=4305 outsize=919 kw=DIRECTIONAL SHADOWS_OFF LIGHTMAP_OFF DIRLIGHTMAP_OFF ok=1
Cmd: compileSnippet
  api=0 type=1 insize=4305 outsize=416 kw=DIRECTIONAL SHADOWS_OFF LIGHTMAP_OFF DIRLIGHTMAP_OFF ok=1
Cmd: compileSnippet
  api=0 type=0 insize=2343 outsize=817 kw=POINT ok=1
Cmd: compileSnippet
  api=0 type=1 insize=2343 outsize=597 kw=POINT ok=1
Cmd: compileSnippet
  api=0 type=0 insize=1871 outsize=457 kw= ok=1
Cmd: compileSnippet
  api=0 type=1 insize=1871 outsize=159 kw= ok=1
Cmd: compileSnippet
  api=0 type=0 insize=4056 outsize=905 kw=LIGHTMAP_OFF DIRLIGHTMAP_OFF HDR_LIGHT_PREPASS_OFF ok=1
Cmd: compileSnippet
  api=0 type=1 insize=4056 outsize=397 kw=LIGHTMAP_OFF DIRLIGHTMAP_OFF HDR_LIGHT_PREPASS_OFF ok=1
Cmd: preprocess
  insize=1241 outsize=492 ok=1
Cmd: compileSnippet
  api=0 type=0 insize=1051 outsize=360 kw= ok=1
Cmd: compileSnippet
  api=0 type=1 insize=1051 outsize=429 kw= ok=1
Cmd: preprocess
  insize=1667 outsize=928 ok=1
Cmd: compileSnippet
  api=0 type=0 insize=1041 outsize=397 kw= ok=1
Cmd: compileSnippet
  api=0 type=1 insize=1041 outsize=299 kw= ok=1
Cmd: compileSnippet
  api=0 type=0 insize=3382 outsize=1023 kw=DIRECTIONAL ok=1
Cmd: compileSnippet
  api=0 type=1 insize=3382 outsize=989 kw=DIRECTIONAL ok=1
Cmd: compileSnippet
  api=0 type=0 insize=3487 outsize=1023 kw=DIRECTIONAL ok=1
Cmd: compileSnippet
  api=0 type=1 insize=3487 outsize=1117 kw=DIRECTIONAL ok=1
Cmd: compileSnippet
  api=0 type=0 insize=4865 outsize=1221 kw=DIRECTIONAL ok=1
Cmd: compileSnippet
  api=0 type=1 insize=4865 outsize=1380 kw=DIRECTIONAL ok=1
